2020-12-15 14:50:31.357  INFO 3660 --- [restartedMain] c.b.e.EmployeePayrollApplication         : Starting EmployeePayrollApplication using Java 15 on MAYURFCB with PID 3660 (F:\SpringCodes\EmployeePayrollApp\target\classes started by Mayurfcb in F:\SpringCodes\EmployeePayrollApp)
2020-12-15 14:50:31.359 DEBUG 3660 --- [restartedMain] c.b.e.EmployeePayrollApplication         : Running with Spring Boot v2.4.1, Spring v5.3.2
2020-12-15 14:50:31.361  INFO 3660 --- [restartedMain] c.b.e.EmployeePayrollApplication         : The following profiles are active: dev
2020-12-15 14:50:31.683  INFO 3660 --- [restartedMain] c.b.e.EmployeePayrollApplication         : Started EmployeePayrollApplication in 0.375 seconds (JVM running for 565.302)
2020-12-15 14:50:31.686  INFO 3660 --- [restartedMain] c.b.e.EmployeePayrollApplication         : Employee Payroll App started in DEV Environment
2020-12-15 14:52:42.405  INFO 3660 --- [restartedMain] c.b.e.EmployeePayrollApplication         : Starting EmployeePayrollApplication using Java 15 on MAYURFCB with PID 3660 (F:\SpringCodes\EmployeePayrollApp\target\classes started by Mayurfcb in F:\SpringCodes\EmployeePayrollApp)
2020-12-15 14:52:42.406 DEBUG 3660 --- [restartedMain] c.b.e.EmployeePayrollApplication         : Running with Spring Boot v2.4.1, Spring v5.3.2
2020-12-15 14:52:42.406  INFO 3660 --- [restartedMain] c.b.e.EmployeePayrollApplication         : The following profiles are active: dev
2020-12-15 14:52:42.751  INFO 3660 --- [restartedMain] c.b.e.EmployeePayrollApplication         : Started EmployeePayrollApplication in 0.392 seconds (JVM running for 696.371)
2020-12-15 14:52:42.758  INFO 3660 --- [restartedMain] c.b.e.EmployeePayrollApplication         : Employee Payroll App started in DEV Environment
2020-12-15 14:53:35.136  INFO 12248 --- [restartedMain] c.b.e.EmployeePayrollApplication         : Starting EmployeePayrollApplication using Java 15 on MAYURFCB with PID 12248 (F:\SpringCodes\EmployeePayrollApp\target\classes started by Mayurfcb in F:\SpringCodes\EmployeePayrollApp)
2020-12-15 14:53:35.142 DEBUG 12248 --- [restartedMain] c.b.e.EmployeePayrollApplication         : Running with Spring Boot v2.4.1, Spring v5.3.2
2020-12-15 14:53:35.144  INFO 12248 --- [restartedMain] c.b.e.EmployeePayrollApplication         : The following profiles are active: dev
2020-12-15 14:53:37.486  INFO 12248 --- [restartedMain] c.b.e.EmployeePayrollApplication         : Started EmployeePayrollApplication in 2.877 seconds (JVM running for 4.846)
2020-12-15 14:53:37.490  INFO 12248 --- [restartedMain] c.b.e.EmployeePayrollApplication         : Employee Payroll App started in DEV Environment
2020-12-15 14:54:22.807  INFO 12248 --- [restartedMain] c.b.e.EmployeePayrollApplication         : Starting EmployeePayrollApplication using Java 15 on MAYURFCB with PID 12248 (F:\SpringCodes\EmployeePayrollApp\target\classes started by Mayurfcb in F:\SpringCodes\EmployeePayrollApp)
2020-12-15 14:54:22.807 DEBUG 12248 --- [restartedMain] c.b.e.EmployeePayrollApplication         : Running with Spring Boot v2.4.1, Spring v5.3.2
2020-12-15 14:54:22.808  INFO 12248 --- [restartedMain] c.b.e.EmployeePayrollApplication         : The following profiles are active: dev
2020-12-15 14:54:23.195  INFO 12248 --- [restartedMain] c.b.e.EmployeePayrollApplication         : Started EmployeePayrollApplication in 0.435 seconds (JVM running for 50.555)
2020-12-15 14:54:23.198  INFO 12248 --- [restartedMain] c.b.e.EmployeePayrollApplication         : Employee Payroll App started in DEV Environment
2020-12-15 14:54:23.198  INFO 12248 --- [restartedMain] c.b.e.EmployeePayrollApplication         : Employee Payroll user is payrolluser
2020-12-15 14:54:41.042  INFO 12248 --- [restartedMain] c.b.e.EmployeePayrollApplication         : Starting EmployeePayrollApplication using Java 15 on MAYURFCB with PID 12248 (F:\SpringCodes\EmployeePayrollApp\target\classes started by Mayurfcb in F:\SpringCodes\EmployeePayrollApp)
2020-12-15 14:54:41.043 DEBUG 12248 --- [restartedMain] c.b.e.EmployeePayrollApplication         : Running with Spring Boot v2.4.1, Spring v5.3.2
2020-12-15 14:54:41.043  INFO 12248 --- [restartedMain] c.b.e.EmployeePayrollApplication         : The following profiles are active: dev
2020-12-15 14:54:41.353  INFO 12248 --- [restartedMain] c.b.e.EmployeePayrollApplication         : Started EmployeePayrollApplication in 0.35 seconds (JVM running for 68.714)
2020-12-15 14:54:41.356  INFO 12248 --- [restartedMain] c.b.e.EmployeePayrollApplication         : Employee Payroll App started in DEV Environment
2020-12-15 14:54:41.356  INFO 12248 --- [restartedMain] c.b.e.EmployeePayrollApplication         : Employee Payroll DB user is payrolluser
2020-12-15 15:02:22.101  INFO 12248 --- [restartedMain] c.b.e.EmployeePayrollApplication         : Starting EmployeePayrollApplication using Java 15 on MAYURFCB with PID 12248 (F:\SpringCodes\EmployeePayrollApp\target\classes started by Mayurfcb in F:\SpringCodes\EmployeePayrollApp)
2020-12-15 15:02:22.102 DEBUG 12248 --- [restartedMain] c.b.e.EmployeePayrollApplication         : Running with Spring Boot v2.4.1, Spring v5.3.2
2020-12-15 15:02:22.102  INFO 12248 --- [restartedMain] c.b.e.EmployeePayrollApplication         : The following profiles are active: dev
2020-12-15 15:02:22.417  INFO 12248 --- [restartedMain] c.b.e.EmployeePayrollApplication         : Started EmployeePayrollApplication in 0.349 seconds (JVM running for 529.778)
2020-12-15 15:02:22.419  INFO 12248 --- [restartedMain] c.b.e.EmployeePayrollApplication         : Employee Payroll App started in DEV Environment
2020-12-15 15:02:22.420  INFO 12248 --- [restartedMain] c.b.e.EmployeePayrollApplication         : Employee Payroll DB user is payrolluser
2020-12-15 15:03:04.514  INFO 12248 --- [restartedMain] c.b.e.EmployeePayrollApplication         : Starting EmployeePayrollApplication using Java 15 on MAYURFCB with PID 12248 (F:\SpringCodes\EmployeePayrollApp\target\classes started by Mayurfcb in F:\SpringCodes\EmployeePayrollApp)
2020-12-15 15:03:04.514 DEBUG 12248 --- [restartedMain] c.b.e.EmployeePayrollApplication         : Running with Spring Boot v2.4.1, Spring v5.3.2
2020-12-15 15:03:04.515  INFO 12248 --- [restartedMain] c.b.e.EmployeePayrollApplication         : The following profiles are active: dev
2020-12-15 15:03:04.833  INFO 12248 --- [restartedMain] c.b.e.EmployeePayrollApplication         : Started EmployeePayrollApplication in 0.356 seconds (JVM running for 572.194)
2020-12-15 15:03:04.836  INFO 12248 --- [restartedMain] c.b.e.EmployeePayrollApplication         : Employee Payroll App started in DEV Environment
2020-12-15 15:03:04.837  INFO 12248 --- [restartedMain] c.b.e.EmployeePayrollApplication         : Employee Payroll DB user is payrolluser
2020-12-15 15:04:46.092  INFO 12248 --- [restartedMain] c.b.e.EmployeePayrollApplication         : Starting EmployeePayrollApplication using Java 15 on MAYURFCB with PID 12248 (F:\SpringCodes\EmployeePayrollApp\target\classes started by Mayurfcb in F:\SpringCodes\EmployeePayrollApp)
2020-12-15 15:04:46.092 DEBUG 12248 --- [restartedMain] c.b.e.EmployeePayrollApplication         : Running with Spring Boot v2.4.1, Spring v5.3.2
2020-12-15 15:04:46.092  INFO 12248 --- [restartedMain] c.b.e.EmployeePayrollApplication         : The following profiles are active: dev
2020-12-15 15:04:46.368  INFO 12248 --- [restartedMain] c.b.e.EmployeePayrollApplication         : Started EmployeePayrollApplication in 0.315 seconds (JVM running for 673.728)
2020-12-15 15:04:46.369  INFO 12248 --- [restartedMain] c.b.e.EmployeePayrollApplication         : Employee Payroll App started in DEV Environment
2020-12-15 15:04:46.370  INFO 12248 --- [restartedMain] c.b.e.EmployeePayrollApplication         : Employee Payroll DB user is payrolluser
2020-12-15 15:05:47.896  INFO 12248 --- [restartedMain] c.b.e.EmployeePayrollApplication         : Starting EmployeePayrollApplication using Java 15 on MAYURFCB with PID 12248 (F:\SpringCodes\EmployeePayrollApp\target\classes started by Mayurfcb in F:\SpringCodes\EmployeePayrollApp)
2020-12-15 15:05:47.897 DEBUG 12248 --- [restartedMain] c.b.e.EmployeePayrollApplication         : Running with Spring Boot v2.4.1, Spring v5.3.2
2020-12-15 15:05:47.897  INFO 12248 --- [restartedMain] c.b.e.EmployeePayrollApplication         : The following profiles are active: dev
2020-12-15 15:05:48.163  INFO 12248 --- [restartedMain] c.b.e.EmployeePayrollApplication         : Started EmployeePayrollApplication in 0.296 seconds (JVM running for 735.523)
2020-12-15 15:05:48.165  INFO 12248 --- [restartedMain] c.b.e.EmployeePayrollApplication         : Employee Payroll App started in DEV Environment
2020-12-15 15:05:48.165  INFO 12248 --- [restartedMain] c.b.e.EmployeePayrollApplication         : Employee Payroll DB user is payrolluser
2020-12-15 15:06:45.978  INFO 12156 --- [restartedMain] c.b.e.EmployeePayrollApplication         : Starting EmployeePayrollApplication using Java 15 on MAYURFCB with PID 12156 (F:\SpringCodes\EmployeePayrollApp\target\classes started by Mayurfcb in F:\SpringCodes\EmployeePayrollApp)
2020-12-15 15:06:45.982 DEBUG 12156 --- [restartedMain] c.b.e.EmployeePayrollApplication         : Running with Spring Boot v2.4.1, Spring v5.3.2
2020-12-15 15:06:45.983  INFO 12156 --- [restartedMain] c.b.e.EmployeePayrollApplication         : The following profiles are active: dev
2020-12-15 15:06:47.896  INFO 12156 --- [restartedMain] c.b.e.EmployeePayrollApplication         : Started EmployeePayrollApplication in 2.44 seconds (JVM running for 3.857)
2020-12-15 15:06:47.900  INFO 12156 --- [restartedMain] c.b.e.EmployeePayrollApplication         : Employee Payroll App started in DEV Environment
2020-12-15 15:06:47.903  INFO 12156 --- [restartedMain] c.b.e.EmployeePayrollApplication         : Employee Payroll DB user is payrolluser
2020-12-15 15:09:53.971  INFO 10124 --- [restartedMain] c.b.e.EmployeePayrollApplication         : Starting EmployeePayrollApplication using Java 15 on MAYURFCB with PID 10124 (F:\SpringCodes\EmployeePayrollApp\target\classes started by Mayurfcb in F:\SpringCodes\EmployeePayrollApp)
2020-12-15 15:09:53.976 DEBUG 10124 --- [restartedMain] c.b.e.EmployeePayrollApplication         : Running with Spring Boot v2.4.1, Spring v5.3.2
2020-12-15 15:09:53.976  INFO 10124 --- [restartedMain] c.b.e.EmployeePayrollApplication         : The following profiles are active: dev
2020-12-15 15:09:55.762  INFO 10124 --- [restartedMain] c.b.e.EmployeePayrollApplication         : Started EmployeePayrollApplication in 2.289 seconds (JVM running for 3.478)
2020-12-15 15:09:55.767  INFO 10124 --- [restartedMain] c.b.e.EmployeePayrollApplication         : Employee Payroll App started in DEV Environment
2020-12-15 15:09:55.769  INFO 10124 --- [restartedMain] c.b.e.EmployeePayrollApplication         : Employee Payroll DB user is payrolluser
2020-12-15 15:10:22.486  WARN 10124 --- [http-nio-8085-exec-4] .w.s.m.s.DefaultHandlerExceptionResolver : Resolved [org.springframework.web.bind.MethodArgumentNotValidException: Validation failed for argument [0] in public org.springframework.http.ResponseEntity<com.bridgelabz.employeepayrollapp.dto.ResponseDTO> com.bridgelabz.employeepayrollapp.controller.EmployeePayrollController.createEmployeePayrollData(com.bridgelabz.employeepayrollapp.dto.EmployeePayrollDTO): [Field error in object 'employeePayrollDTO' on field 'name': rejected value [nnnabc]; codes [Pattern.employeePayrollDTO.name,Pattern.name,Pattern.java.lang.String,Pattern]; arguments [org.springframework.context.support.DefaultMessageSourceResolvable: codes [employeePayrollDTO.name,name]; arguments []; default message [name],[Ljavax.validation.constraints.Pattern$Flag;@1ecdfef1,^[A-Z]{1}[a-zA-Z\s]{2,}$]; default message [Invalid Employee Name]] ]
2020-12-15 15:11:55.345  INFO 10124 --- [restartedMain] c.b.e.EmployeePayrollApplication         : Starting EmployeePayrollApplication using Java 15 on MAYURFCB with PID 10124 (F:\SpringCodes\EmployeePayrollApp\target\classes started by Mayurfcb in F:\SpringCodes\EmployeePayrollApp)
2020-12-15 15:11:55.346 DEBUG 10124 --- [restartedMain] c.b.e.EmployeePayrollApplication         : Running with Spring Boot v2.4.1, Spring v5.3.2
2020-12-15 15:11:55.347  INFO 10124 --- [restartedMain] c.b.e.EmployeePayrollApplication         : The following profiles are active: dev
2020-12-15 15:11:55.769  INFO 10124 --- [restartedMain] c.b.e.EmployeePayrollApplication         : Started EmployeePayrollApplication in 0.483 seconds (JVM running for 123.485)
2020-12-15 15:11:55.774  INFO 10124 --- [restartedMain] c.b.e.EmployeePayrollApplication         : Employee Payroll App started in DEV Environment
2020-12-15 15:11:55.775  INFO 10124 --- [restartedMain] c.b.e.EmployeePayrollApplication         : Employee Payroll DB user is payrolluser
2020-12-15 15:14:18.855  INFO 10124 --- [restartedMain] c.b.e.EmployeePayrollApplication         : Starting EmployeePayrollApplication using Java 15 on MAYURFCB with PID 10124 (F:\SpringCodes\EmployeePayrollApp\target\classes started by Mayurfcb in F:\SpringCodes\EmployeePayrollApp)
2020-12-15 15:14:18.856 DEBUG 10124 --- [restartedMain] c.b.e.EmployeePayrollApplication         : Running with Spring Boot v2.4.1, Spring v5.3.2
2020-12-15 15:14:18.856  INFO 10124 --- [restartedMain] c.b.e.EmployeePayrollApplication         : The following profiles are active: dev
2020-12-15 15:14:19.205  INFO 10124 --- [restartedMain] c.b.e.EmployeePayrollApplication         : Started EmployeePayrollApplication in 0.385 seconds (JVM running for 266.921)
2020-12-15 15:14:19.207  INFO 10124 --- [restartedMain] c.b.e.EmployeePayrollApplication         : Employee Payroll App started in DEV Environment
2020-12-15 15:14:19.208  INFO 10124 --- [restartedMain] c.b.e.EmployeePayrollApplication         : Employee Payroll DB user is payrolluser
2020-12-15 15:18:43.558  INFO 10124 --- [restartedMain] c.b.e.EmployeePayrollApplication         : Starting EmployeePayrollApplication using Java 15 on MAYURFCB with PID 10124 (F:\SpringCodes\EmployeePayrollApp\target\classes started by Mayurfcb in F:\SpringCodes\EmployeePayrollApp)
2020-12-15 15:18:43.558 DEBUG 10124 --- [restartedMain] c.b.e.EmployeePayrollApplication         : Running with Spring Boot v2.4.1, Spring v5.3.2
2020-12-15 15:18:43.559  INFO 10124 --- [restartedMain] c.b.e.EmployeePayrollApplication         : The following profiles are active: dev
2020-12-15 15:18:43.852  INFO 10124 --- [restartedMain] c.b.e.EmployeePayrollApplication         : Started EmployeePayrollApplication in 0.324 seconds (JVM running for 531.568)
2020-12-15 15:18:43.854  INFO 10124 --- [restartedMain] c.b.e.EmployeePayrollApplication         : Employee Payroll App started in DEV Environment
2020-12-15 15:18:43.855  INFO 10124 --- [restartedMain] c.b.e.EmployeePayrollApplication         : Employee Payroll DB user is payrolluser
2020-12-15 15:19:35.177  INFO 10124 --- [restartedMain] c.b.e.EmployeePayrollApplication         : Starting EmployeePayrollApplication using Java 15 on MAYURFCB with PID 10124 (F:\SpringCodes\EmployeePayrollApp\target\classes started by Mayurfcb in F:\SpringCodes\EmployeePayrollApp)
2020-12-15 15:19:35.178 DEBUG 10124 --- [restartedMain] c.b.e.EmployeePayrollApplication         : Running with Spring Boot v2.4.1, Spring v5.3.2
2020-12-15 15:19:35.178  INFO 10124 --- [restartedMain] c.b.e.EmployeePayrollApplication         : The following profiles are active: dev
2020-12-15 15:19:35.479  INFO 10124 --- [restartedMain] c.b.e.EmployeePayrollApplication         : Started EmployeePayrollApplication in 0.345 seconds (JVM running for 583.194)
2020-12-15 15:19:35.483  INFO 10124 --- [restartedMain] c.b.e.EmployeePayrollApplication         : Employee Payroll App started in DEV Environment
2020-12-15 15:19:35.484  INFO 10124 --- [restartedMain] c.b.e.EmployeePayrollApplication         : Employee Payroll DB user is payrolluser
2020-12-15 15:19:53.711  WARN 10124 --- [http-nio-8085-exec-2] .w.s.m.s.DefaultHandlerExceptionResolver : Resolved [org.springframework.web.bind.MethodArgumentNotValidException: Validation failed for argument [0] in public org.springframework.http.ResponseEntity<com.bridgelabz.employeepayrollapp.dto.ResponseDTO> com.bridgelabz.employeepayrollapp.controller.EmployeePayrollController.createEmployeePayrollData(com.bridgelabz.employeepayrollapp.dto.EmployeePayrollDTO) with 3 errors: [Field error in object 'employeePayrollDTO' on field 'startDate': rejected value []; codes [NotEmpty.employeePayrollDTO.startDate,NotEmpty.startDate,NotEmpty.java.lang.String,NotEmpty]; arguments [org.springframework.context.support.DefaultMessageSourceResolvable: codes [employeePayrollDTO.startDate,startDate]; arguments []; default message [startDate]]; default message [must not be empty]] [Field error in object 'employeePayrollDTO' on field 'name': rejected value [nnnabc]; codes [Pattern.employeePayrollDTO.name,Pattern.name,Pattern.java.lang.String,Pattern]; arguments [org.springframework.context.support.DefaultMessageSourceResolvable: codes [employeePayrollDTO.name,name]; arguments []; default message [name],[Ljavax.validation.constraints.Pattern$Flag;@1ecdfef1,^[A-Z]{1}[a-zA-Z\s]{2,}$]; default message [Invalid Employee Name]] [Field error in object 'employeePayrollDTO' on field 'gender': rejected value [nM]; codes [Pattern.employeePayrollDTO.gender,Pattern.gender,Pattern.java.lang.String,Pattern]; arguments [org.springframework.context.support.DefaultMessageSourceResolvable: codes [employeePayrollDTO.gender,gender]; arguments []; default message [gender],[Ljavax.validation.constraints.Pattern$Flag;@1ecdfef1,^(male|female)$]; default message [Invalid Employee Name]] ]
2020-12-15 15:20:11.319  WARN 10124 --- [http-nio-8085-exec-3] .w.s.m.s.DefaultHandlerExceptionResolver : Resolved [org.springframework.web.bind.MethodArgumentNotValidException: Validation failed for argument [0] in public org.springframework.http.ResponseEntity<com.bridgelabz.employeepayrollapp.dto.ResponseDTO> com.bridgelabz.employeepayrollapp.controller.EmployeePayrollController.createEmployeePayrollData(com.bridgelabz.employeepayrollapp.dto.EmployeePayrollDTO) with 2 errors: [Field error in object 'employeePayrollDTO' on field 'name': rejected value [nnnabc]; codes [Pattern.employeePayrollDTO.name,Pattern.name,Pattern.java.lang.String,Pattern]; arguments [org.springframework.context.support.DefaultMessageSourceResolvable: codes [employeePayrollDTO.name,name]; arguments []; default message [name],[Ljavax.validation.constraints.Pattern$Flag;@1ecdfef1,^[A-Z]{1}[a-zA-Z\s]{2,}$]; default message [Invalid Employee Name]] [Field error in object 'employeePayrollDTO' on field 'gender': rejected value [nM]; codes [Pattern.employeePayrollDTO.gender,Pattern.gender,Pattern.java.lang.String,Pattern]; arguments [org.springframework.context.support.DefaultMessageSourceResolvable: codes [employeePayrollDTO.gender,gender]; arguments []; default message [gender],[Ljavax.validation.constraints.Pattern$Flag;@1ecdfef1,^(male|female)$]; default message [Invalid Employee Name]] ]
2020-12-15 15:20:16.756  WARN 10124 --- [http-nio-8085-exec-6] .w.s.m.s.DefaultHandlerExceptionResolver : Resolved [org.springframework.web.bind.MethodArgumentNotValidException: Validation failed for argument [0] in public org.springframework.http.ResponseEntity<com.bridgelabz.employeepayrollapp.dto.ResponseDTO> com.bridgelabz.employeepayrollapp.controller.EmployeePayrollController.createEmployeePayrollData(com.bridgelabz.employeepayrollapp.dto.EmployeePayrollDTO): [Field error in object 'employeePayrollDTO' on field 'gender': rejected value [nM]; codes [Pattern.employeePayrollDTO.gender,Pattern.gender,Pattern.java.lang.String,Pattern]; arguments [org.springframework.context.support.DefaultMessageSourceResolvable: codes [employeePayrollDTO.gender,gender]; arguments []; default message [gender],[Ljavax.validation.constraints.Pattern$Flag;@1ecdfef1,^(male|female)$]; default message [Invalid Employee Name]] ]
2020-12-15 15:24:38.784  INFO 10124 --- [restartedMain] c.b.e.EmployeePayrollApplication         : Starting EmployeePayrollApplication using Java 15 on MAYURFCB with PID 10124 (F:\SpringCodes\EmployeePayrollApp\target\classes started by Mayurfcb in F:\SpringCodes\EmployeePayrollApp)
2020-12-15 15:24:38.785 DEBUG 10124 --- [restartedMain] c.b.e.EmployeePayrollApplication         : Running with Spring Boot v2.4.1, Spring v5.3.2
2020-12-15 15:24:38.785  INFO 10124 --- [restartedMain] c.b.e.EmployeePayrollApplication         : The following profiles are active: dev
2020-12-15 15:24:39.100  INFO 10124 --- [restartedMain] c.b.e.EmployeePayrollApplication         : Started EmployeePayrollApplication in 0.353 seconds (JVM running for 886.816)
2020-12-15 15:24:39.103  INFO 10124 --- [restartedMain] c.b.e.EmployeePayrollApplication         : Employee Payroll App started in DEV Environment
2020-12-15 15:24:39.103  INFO 10124 --- [restartedMain] c.b.e.EmployeePayrollApplication         : Employee Payroll DB user is payrolluser
2020-12-15 15:28:44.768  INFO 10124 --- [restartedMain] c.b.e.EmployeePayrollApplication         : Starting EmployeePayrollApplication using Java 15 on MAYURFCB with PID 10124 (F:\SpringCodes\EmployeePayrollApp\target\classes started by Mayurfcb in F:\SpringCodes\EmployeePayrollApp)
2020-12-15 15:28:44.768 DEBUG 10124 --- [restartedMain] c.b.e.EmployeePayrollApplication         : Running with Spring Boot v2.4.1, Spring v5.3.2
2020-12-15 15:28:44.768  INFO 10124 --- [restartedMain] c.b.e.EmployeePayrollApplication         : The following profiles are active: dev
2020-12-15 15:28:45.042  INFO 10124 --- [restartedMain] c.b.e.EmployeePayrollApplication         : Started EmployeePayrollApplication in 0.305 seconds (JVM running for 1132.757)
2020-12-15 15:28:45.043  INFO 10124 --- [restartedMain] c.b.e.EmployeePayrollApplication         : Employee Payroll App started in DEV Environment
2020-12-15 15:28:45.044  INFO 10124 --- [restartedMain] c.b.e.EmployeePayrollApplication         : Employee Payroll DB user is payrolluser
2020-12-15 15:28:54.771  INFO 10124 --- [restartedMain] c.b.e.EmployeePayrollApplication         : Starting EmployeePayrollApplication using Java 15 on MAYURFCB with PID 10124 (F:\SpringCodes\EmployeePayrollApp\target\classes started by Mayurfcb in F:\SpringCodes\EmployeePayrollApp)
2020-12-15 15:28:54.771 DEBUG 10124 --- [restartedMain] c.b.e.EmployeePayrollApplication         : Running with Spring Boot v2.4.1, Spring v5.3.2
2020-12-15 15:28:54.772  INFO 10124 --- [restartedMain] c.b.e.EmployeePayrollApplication         : The following profiles are active: dev
2020-12-15 15:28:54.973  WARN 10124 --- [restartedMain] ConfigServletWebServerApplicationContext : Exception encountered during context initialization - cancelling refresh attempt: org.springframework.beans.factory.BeanCreationException: Error creating bean with name 'employeePayrollExceptionHandler' defined in file [F:\SpringCodes\EmployeePayrollApp\target\classes\com\bridgelabz\employeepayrollapp\exception\EmployeePayrollExceptionHandler.class]: Instantiation of bean failed; nested exception is org.springframework.beans.BeanInstantiationException: Failed to instantiate [com.bridgelabz.employeepayrollapp.exception.EmployeePayrollExceptionHandler]: Constructor threw exception; nested exception is java.lang.Error: Unresolved compilation problems: 
	The declared package "" does not match the expected package "com.bridgelabz.employeepayrollapp.exception"
	Type mismatch: cannot convert from Class<EmployeePayrollException> to Class<? extends Throwable>[]
	The method getMessage() is undefined for the type EmployeePayrollException

2020-12-15 15:28:55.010 ERROR 10124 --- [restartedMain] o.s.boot.SpringApplication               : Application run failed

org.springframework.beans.factory.BeanCreationException: Error creating bean with name 'employeePayrollExceptionHandler' defined in file [F:\SpringCodes\EmployeePayrollApp\target\classes\com\bridgelabz\employeepayrollapp\exception\EmployeePayrollExceptionHandler.class]: Instantiation of bean failed; nested exception is org.springframework.beans.BeanInstantiationException: Failed to instantiate [com.bridgelabz.employeepayrollapp.exception.EmployeePayrollExceptionHandler]: Constructor threw exception; nested exception is java.lang.Error: Unresolved compilation problems: 
	The declared package "" does not match the expected package "com.bridgelabz.employeepayrollapp.exception"
	Type mismatch: cannot convert from Class<EmployeePayrollException> to Class<? extends Throwable>[]
	The method getMessage() is undefined for the type EmployeePayrollException

	at org.springframework.beans.factory.support.AbstractAutowireCapableBeanFactory.instantiateBean(AbstractAutowireCapableBeanFactory.java:1318) ~[spring-beans-5.3.2.jar:5.3.2]
	at org.springframework.beans.factory.support.AbstractAutowireCapableBeanFactory.createBeanInstance(AbstractAutowireCapableBeanFactory.java:1216) ~[spring-beans-5.3.2.jar:5.3.2]
	at org.springframework.beans.factory.support.AbstractAutowireCapableBeanFactory.doCreateBean(AbstractAutowireCapableBeanFactory.java:571) ~[spring-beans-5.3.2.jar:5.3.2]
	at org.springframework.beans.factory.support.AbstractAutowireCapableBeanFactory.createBean(AbstractAutowireCapableBeanFactory.java:531) ~[spring-beans-5.3.2.jar:5.3.2]
	at org.springframework.beans.factory.support.AbstractBeanFactory.lambda$doGetBean$0(AbstractBeanFactory.java:335) ~[spring-beans-5.3.2.jar:5.3.2]
	at org.springframework.beans.factory.support.DefaultSingletonBeanRegistry.getSingleton(DefaultSingletonBeanRegistry.java:234) ~[spring-beans-5.3.2.jar:5.3.2]
	at org.springframework.beans.factory.support.AbstractBeanFactory.doGetBean(AbstractBeanFactory.java:333) ~[spring-beans-5.3.2.jar:5.3.2]
	at org.springframework.beans.factory.support.AbstractBeanFactory.getBean(AbstractBeanFactory.java:208) ~[spring-beans-5.3.2.jar:5.3.2]
	at org.springframework.beans.factory.support.DefaultListableBeanFactory.preInstantiateSingletons(DefaultListableBeanFactory.java:944) ~[spring-beans-5.3.2.jar:5.3.2]
	at org.springframework.context.support.AbstractApplicationContext.finishBeanFactoryInitialization(AbstractApplicationContext.java:923) ~[spring-context-5.3.2.jar:5.3.2]
	at org.springframework.context.support.AbstractApplicationContext.refresh(AbstractApplicationContext.java:588) ~[spring-context-5.3.2.jar:5.3.2]
	at org.springframework.boot.web.servlet.context.ServletWebServerApplicationContext.refresh(ServletWebServerApplicationContext.java:144) ~[spring-boot-2.4.1.jar:2.4.1]
	at org.springframework.boot.SpringApplication.refresh(SpringApplication.java:767) ~[spring-boot-2.4.1.jar:2.4.1]
	at org.springframework.boot.SpringApplication.refresh(SpringApplication.java:759) ~[spring-boot-2.4.1.jar:2.4.1]
	at org.springframework.boot.SpringApplication.refreshContext(SpringApplication.java:426) ~[spring-boot-2.4.1.jar:2.4.1]
	at org.springframework.boot.SpringApplication.run(SpringApplication.java:326) ~[spring-boot-2.4.1.jar:2.4.1]
	at org.springframework.boot.SpringApplication.run(SpringApplication.java:1309) ~[spring-boot-2.4.1.jar:2.4.1]
	at org.springframework.boot.SpringApplication.run(SpringApplication.java:1298) ~[spring-boot-2.4.1.jar:2.4.1]
	at com.bridgelabz.employeepayrollapp.EmployeePayrollApplication.main(EmployeePayrollApplication.java:14) ~[classes/:na]
	at java.base/jdk.internal.reflect.NativeMethodAccessorImpl.invoke0(Native Method) ~[na:na]
	at java.base/jdk.internal.reflect.NativeMethodAccessorImpl.invoke(NativeMethodAccessorImpl.java:64) ~[na:na]
	at java.base/jdk.internal.reflect.DelegatingMethodAccessorImpl.invoke(DelegatingMethodAccessorImpl.java:43) ~[na:na]
	at java.base/java.lang.reflect.Method.invoke(Method.java:564) ~[na:na]
	at org.springframework.boot.devtools.restart.RestartLauncher.run(RestartLauncher.java:49) ~[spring-boot-devtools-2.4.1.jar:2.4.1]
Caused by: org.springframework.beans.BeanInstantiationException: Failed to instantiate [com.bridgelabz.employeepayrollapp.exception.EmployeePayrollExceptionHandler]: Constructor threw exception; nested exception is java.lang.Error: Unresolved compilation problems: 
	The declared package "" does not match the expected package "com.bridgelabz.employeepayrollapp.exception"
	Type mismatch: cannot convert from Class<EmployeePayrollException> to Class<? extends Throwable>[]
	The method getMessage() is undefined for the type EmployeePayrollException

	at org.springframework.beans.BeanUtils.instantiateClass(BeanUtils.java:225) ~[spring-beans-5.3.2.jar:5.3.2]
	at org.springframework.beans.factory.support.SimpleInstantiationStrategy.instantiate(SimpleInstantiationStrategy.java:87) ~[spring-beans-5.3.2.jar:5.3.2]
	at org.springframework.beans.factory.support.AbstractAutowireCapableBeanFactory.instantiateBean(AbstractAutowireCapableBeanFactory.java:1310) ~[spring-beans-5.3.2.jar:5.3.2]
	... 23 common frames omitted
Caused by: java.lang.Error: Unresolved compilation problems: 
	The declared package "" does not match the expected package "com.bridgelabz.employeepayrollapp.exception"
	Type mismatch: cannot convert from Class<EmployeePayrollException> to Class<? extends Throwable>[]
	The method getMessage() is undefined for the type EmployeePayrollException

	at com.bridgelabz.employeepayrollapp.exception.EmployeePayrollExceptionHandler.<init>(EmployeePayrollExceptionHandler.java:1) ~[classes/:na]
	at java.base/jdk.internal.reflect.NativeConstructorAccessorImpl.newInstance0(Native Method) ~[na:na]
	at java.base/jdk.internal.reflect.NativeConstructorAccessorImpl.newInstance(NativeConstructorAccessorImpl.java:64) ~[na:na]
	at java.base/jdk.internal.reflect.DelegatingConstructorAccessorImpl.newInstance(DelegatingConstructorAccessorImpl.java:45) ~[na:na]
	at java.base/java.lang.reflect.Constructor.newInstanceWithCaller(Constructor.java:500) ~[na:na]
	at java.base/java.lang.reflect.Constructor.newInstance(Constructor.java:481) ~[na:na]
	at org.springframework.beans.BeanUtils.instantiateClass(BeanUtils.java:212) ~[spring-beans-5.3.2.jar:5.3.2]
	... 25 common frames omitted

2020-12-15 15:29:21.565  INFO 10124 --- [restartedMain] c.b.e.EmployeePayrollApplication         : Starting EmployeePayrollApplication using Java 15 on MAYURFCB with PID 10124 (F:\SpringCodes\EmployeePayrollApp\target\classes started by Mayurfcb in F:\SpringCodes\EmployeePayrollApp)
2020-12-15 15:29:21.565 DEBUG 10124 --- [restartedMain] c.b.e.EmployeePayrollApplication         : Running with Spring Boot v2.4.1, Spring v5.3.2
2020-12-15 15:29:21.566  INFO 10124 --- [restartedMain] c.b.e.EmployeePayrollApplication         : The following profiles are active: dev
2020-12-15 15:29:21.756  WARN 10124 --- [restartedMain] ConfigServletWebServerApplicationContext : Exception encountered during context initialization - cancelling refresh attempt: org.springframework.beans.factory.BeanCreationException: Error creating bean with name 'employeePayrollExceptionHandler' defined in file [F:\SpringCodes\EmployeePayrollApp\target\classes\com\bridgelabz\employeepayrollapp\exception\EmployeePayrollExceptionHandler.class]: Instantiation of bean failed; nested exception is org.springframework.beans.BeanInstantiationException: Failed to instantiate [com.bridgelabz.employeepayrollapp.exception.EmployeePayrollExceptionHandler]: Constructor threw exception; nested exception is java.lang.Error: Unresolved compilation problem: 
	The declared package "" does not match the expected package "com.bridgelabz.employeepayrollapp.exception"

2020-12-15 15:29:21.767 ERROR 10124 --- [restartedMain] o.s.boot.SpringApplication               : Application run failed

org.springframework.beans.factory.BeanCreationException: Error creating bean with name 'employeePayrollExceptionHandler' defined in file [F:\SpringCodes\EmployeePayrollApp\target\classes\com\bridgelabz\employeepayrollapp\exception\EmployeePayrollExceptionHandler.class]: Instantiation of bean failed; nested exception is org.springframework.beans.BeanInstantiationException: Failed to instantiate [com.bridgelabz.employeepayrollapp.exception.EmployeePayrollExceptionHandler]: Constructor threw exception; nested exception is java.lang.Error: Unresolved compilation problem: 
	The declared package "" does not match the expected package "com.bridgelabz.employeepayrollapp.exception"

	at org.springframework.beans.factory.support.AbstractAutowireCapableBeanFactory.instantiateBean(AbstractAutowireCapableBeanFactory.java:1318) ~[spring-beans-5.3.2.jar:5.3.2]
	at org.springframework.beans.factory.support.AbstractAutowireCapableBeanFactory.createBeanInstance(AbstractAutowireCapableBeanFactory.java:1216) ~[spring-beans-5.3.2.jar:5.3.2]
	at org.springframework.beans.factory.support.AbstractAutowireCapableBeanFactory.doCreateBean(AbstractAutowireCapableBeanFactory.java:571) ~[spring-beans-5.3.2.jar:5.3.2]
	at org.springframework.beans.factory.support.AbstractAutowireCapableBeanFactory.createBean(AbstractAutowireCapableBeanFactory.java:531) ~[spring-beans-5.3.2.jar:5.3.2]
	at org.springframework.beans.factory.support.AbstractBeanFactory.lambda$doGetBean$0(AbstractBeanFactory.java:335) ~[spring-beans-5.3.2.jar:5.3.2]
	at org.springframework.beans.factory.support.DefaultSingletonBeanRegistry.getSingleton(DefaultSingletonBeanRegistry.java:234) ~[spring-beans-5.3.2.jar:5.3.2]
	at org.springframework.beans.factory.support.AbstractBeanFactory.doGetBean(AbstractBeanFactory.java:333) ~[spring-beans-5.3.2.jar:5.3.2]
	at org.springframework.beans.factory.support.AbstractBeanFactory.getBean(AbstractBeanFactory.java:208) ~[spring-beans-5.3.2.jar:5.3.2]
	at org.springframework.beans.factory.support.DefaultListableBeanFactory.preInstantiateSingletons(DefaultListableBeanFactory.java:944) ~[spring-beans-5.3.2.jar:5.3.2]
	at org.springframework.context.support.AbstractApplicationContext.finishBeanFactoryInitialization(AbstractApplicationContext.java:923) ~[spring-context-5.3.2.jar:5.3.2]
	at org.springframework.context.support.AbstractApplicationContext.refresh(AbstractApplicationContext.java:588) ~[spring-context-5.3.2.jar:5.3.2]
	at org.springframework.boot.web.servlet.context.ServletWebServerApplicationContext.refresh(ServletWebServerApplicationContext.java:144) ~[spring-boot-2.4.1.jar:2.4.1]
	at org.springframework.boot.SpringApplication.refresh(SpringApplication.java:767) ~[spring-boot-2.4.1.jar:2.4.1]
	at org.springframework.boot.SpringApplication.refresh(SpringApplication.java:759) ~[spring-boot-2.4.1.jar:2.4.1]
	at org.springframework.boot.SpringApplication.refreshContext(SpringApplication.java:426) ~[spring-boot-2.4.1.jar:2.4.1]
	at org.springframework.boot.SpringApplication.run(SpringApplication.java:326) ~[spring-boot-2.4.1.jar:2.4.1]
	at org.springframework.boot.SpringApplication.run(SpringApplication.java:1309) ~[spring-boot-2.4.1.jar:2.4.1]
	at org.springframework.boot.SpringApplication.run(SpringApplication.java:1298) ~[spring-boot-2.4.1.jar:2.4.1]
	at com.bridgelabz.employeepayrollapp.EmployeePayrollApplication.main(EmployeePayrollApplication.java:14) ~[classes/:na]
	at java.base/jdk.internal.reflect.NativeMethodAccessorImpl.invoke0(Native Method) ~[na:na]
	at java.base/jdk.internal.reflect.NativeMethodAccessorImpl.invoke(NativeMethodAccessorImpl.java:64) ~[na:na]
	at java.base/jdk.internal.reflect.DelegatingMethodAccessorImpl.invoke(DelegatingMethodAccessorImpl.java:43) ~[na:na]
	at java.base/java.lang.reflect.Method.invoke(Method.java:564) ~[na:na]
	at org.springframework.boot.devtools.restart.RestartLauncher.run(RestartLauncher.java:49) ~[spring-boot-devtools-2.4.1.jar:2.4.1]
Caused by: org.springframework.beans.BeanInstantiationException: Failed to instantiate [com.bridgelabz.employeepayrollapp.exception.EmployeePayrollExceptionHandler]: Constructor threw exception; nested exception is java.lang.Error: Unresolved compilation problem: 
	The declared package "" does not match the expected package "com.bridgelabz.employeepayrollapp.exception"

	at org.springframework.beans.BeanUtils.instantiateClass(BeanUtils.java:225) ~[spring-beans-5.3.2.jar:5.3.2]
	at org.springframework.beans.factory.support.SimpleInstantiationStrategy.instantiate(SimpleInstantiationStrategy.java:87) ~[spring-beans-5.3.2.jar:5.3.2]
	at org.springframework.beans.factory.support.AbstractAutowireCapableBeanFactory.instantiateBean(AbstractAutowireCapableBeanFactory.java:1310) ~[spring-beans-5.3.2.jar:5.3.2]
	... 23 common frames omitted
Caused by: java.lang.Error: Unresolved compilation problem: 
	The declared package "" does not match the expected package "com.bridgelabz.employeepayrollapp.exception"

	at com.bridgelabz.employeepayrollapp.exception.EmployeePayrollExceptionHandler.<init>(EmployeePayrollExceptionHandler.java:1) ~[classes/:na]
	at java.base/jdk.internal.reflect.NativeConstructorAccessorImpl.newInstance0(Native Method) ~[na:na]
	at java.base/jdk.internal.reflect.NativeConstructorAccessorImpl.newInstance(NativeConstructorAccessorImpl.java:64) ~[na:na]
	at java.base/jdk.internal.reflect.DelegatingConstructorAccessorImpl.newInstance(DelegatingConstructorAccessorImpl.java:45) ~[na:na]
	at java.base/java.lang.reflect.Constructor.newInstanceWithCaller(Constructor.java:500) ~[na:na]
	at java.base/java.lang.reflect.Constructor.newInstance(Constructor.java:481) ~[na:na]
	at org.springframework.beans.BeanUtils.instantiateClass(BeanUtils.java:212) ~[spring-beans-5.3.2.jar:5.3.2]
	... 25 common frames omitted

2020-12-15 15:30:54.365  INFO 2828 --- [restartedMain] c.b.e.EmployeePayrollApplication         : Starting EmployeePayrollApplication using Java 15 on MAYURFCB with PID 2828 (F:\SpringCodes\EmployeePayrollApp\target\classes started by Mayurfcb in F:\SpringCodes\EmployeePayrollApp)
2020-12-15 15:30:54.369 DEBUG 2828 --- [restartedMain] c.b.e.EmployeePayrollApplication         : Running with Spring Boot v2.4.1, Spring v5.3.2
2020-12-15 15:30:54.370  INFO 2828 --- [restartedMain] c.b.e.EmployeePayrollApplication         : The following profiles are active: dev
2020-12-15 15:30:56.383  INFO 2828 --- [restartedMain] c.b.e.EmployeePayrollApplication         : Started EmployeePayrollApplication in 2.571 seconds (JVM running for 3.725)
2020-12-15 15:30:56.386  INFO 2828 --- [restartedMain] c.b.e.EmployeePayrollApplication         : Employee Payroll App started in DEV Environment
2020-12-15 15:30:56.388  INFO 2828 --- [restartedMain] c.b.e.EmployeePayrollApplication         : Employee Payroll DB user is payrolluser
2020-12-15 15:30:57.759  WARN 2828 --- [http-nio-8085-exec-2] .m.m.a.ExceptionHandlerExceptionResolver : Resolved [org.springframework.web.bind.MethodArgumentNotValidException: Validation failed for argument [0] in public org.springframework.http.ResponseEntity<com.bridgelabz.employeepayrollapp.dto.ResponseDTO> com.bridgelabz.employeepayrollapp.controller.EmployeePayrollController.createEmployeePayrollData(com.bridgelabz.employeepayrollapp.dto.EmployeePayrollDTO): [Field error in object 'employeePayrollDTO' on field 'name': rejected value [nnabc]; codes [Pattern.employeePayrollDTO.name,Pattern.name,Pattern.java.lang.String,Pattern]; arguments [org.springframework.context.support.DefaultMessageSourceResolvable: codes [employeePayrollDTO.name,name]; arguments []; default message [name],[Ljavax.validation.constraints.Pattern$Flag;@359abe65,^[A-Z]{1}[a-zA-Z\s]{2,}$]; default message [Invalid Employee Name]] ]
2020-12-15 15:38:27.942  WARN 2828 --- [http-nio-8085-exec-4] .m.m.a.ExceptionHandlerExceptionResolver : Resolved [org.springframework.web.bind.MethodArgumentNotValidException: Validation failed for argument [0] in public org.springframework.http.ResponseEntity<com.bridgelabz.employeepayrollapp.dto.ResponseDTO> com.bridgelabz.employeepayrollapp.controller.EmployeePayrollController.createEmployeePayrollData(com.bridgelabz.employeepayrollapp.dto.EmployeePayrollDTO) with 2 errors: [Field error in object 'employeePayrollDTO' on field 'salary': rejected value [345]; codes [Min.employeePayrollDTO.salary,Min.salary,Min.long,Min]; arguments [org.springframework.context.support.DefaultMessageSourceResolvable: codes [employeePayrollDTO.salary,salary]; arguments []; default message [salary],500]; default message [Minimum wage should be more than 500]] [Field error in object 'employeePayrollDTO' on field 'name': rejected value [nnabc]; codes [Pattern.employeePayrollDTO.name,Pattern.name,Pattern.java.lang.String,Pattern]; arguments [org.springframework.context.support.DefaultMessageSourceResolvable: codes [employeePayrollDTO.name,name]; arguments []; default message [name],[Ljavax.validation.constraints.Pattern$Flag;@359abe65,^[A-Z]{1}[a-zA-Z\s]{2,}$]; default message [Invalid Employee Name]] ]
2020-12-15 15:40:41.707  INFO 2828 --- [restartedMain] c.b.e.EmployeePayrollApplication         : Starting EmployeePayrollApplication using Java 15 on MAYURFCB with PID 2828 (F:\SpringCodes\EmployeePayrollApp\target\classes started by Mayurfcb in F:\SpringCodes\EmployeePayrollApp)
2020-12-15 15:40:41.709 DEBUG 2828 --- [restartedMain] c.b.e.EmployeePayrollApplication         : Running with Spring Boot v2.4.1, Spring v5.3.2
2020-12-15 15:40:41.709  INFO 2828 --- [restartedMain] c.b.e.EmployeePayrollApplication         : The following profiles are active: dev
2020-12-15 15:40:42.438  INFO 2828 --- [restartedMain] c.b.e.EmployeePayrollApplication         : Started EmployeePayrollApplication in 0.859 seconds (JVM running for 589.78)
2020-12-15 15:40:42.442  INFO 2828 --- [restartedMain] c.b.e.EmployeePayrollApplication         : Employee Payroll App started in DEV Environment
2020-12-15 15:40:42.444  INFO 2828 --- [restartedMain] c.b.e.EmployeePayrollApplication         : Employee Payroll DB user is payrolluser
2020-12-15 15:41:55.499  INFO 2828 --- [restartedMain] c.b.e.EmployeePayrollApplication         : Starting EmployeePayrollApplication using Java 15 on MAYURFCB with PID 2828 (F:\SpringCodes\EmployeePayrollApp\target\classes started by Mayurfcb in F:\SpringCodes\EmployeePayrollApp)
2020-12-15 15:41:55.499 DEBUG 2828 --- [restartedMain] c.b.e.EmployeePayrollApplication         : Running with Spring Boot v2.4.1, Spring v5.3.2
2020-12-15 15:41:55.499  INFO 2828 --- [restartedMain] c.b.e.EmployeePayrollApplication         : The following profiles are active: dev
2020-12-15 15:41:55.920  INFO 2828 --- [restartedMain] c.b.e.EmployeePayrollApplication         : Started EmployeePayrollApplication in 0.478 seconds (JVM running for 663.262)
2020-12-15 15:41:55.923  INFO 2828 --- [restartedMain] c.b.e.EmployeePayrollApplication         : Employee Payroll App started in DEV Environment
2020-12-15 15:41:55.924  INFO 2828 --- [restartedMain] c.b.e.EmployeePayrollApplication         : Employee Payroll DB user is payrolluser
2020-12-15 15:42:21.977  INFO 2828 --- [restartedMain] c.b.e.EmployeePayrollApplication         : Starting EmployeePayrollApplication using Java 15 on MAYURFCB with PID 2828 (F:\SpringCodes\EmployeePayrollApp\target\classes started by Mayurfcb in F:\SpringCodes\EmployeePayrollApp)
2020-12-15 15:42:21.978 DEBUG 2828 --- [restartedMain] c.b.e.EmployeePayrollApplication         : Running with Spring Boot v2.4.1, Spring v5.3.2
2020-12-15 15:42:21.978  INFO 2828 --- [restartedMain] c.b.e.EmployeePayrollApplication         : The following profiles are active: dev
2020-12-15 15:42:22.347  INFO 2828 --- [restartedMain] c.b.e.EmployeePayrollApplication         : Started EmployeePayrollApplication in 0.411 seconds (JVM running for 689.69)
2020-12-15 15:42:22.350  INFO 2828 --- [restartedMain] c.b.e.EmployeePayrollApplication         : Employee Payroll App started in DEV Environment
2020-12-15 15:42:22.350  INFO 2828 --- [restartedMain] c.b.e.EmployeePayrollApplication         : Employee Payroll DB user is payrolluser
2020-12-15 15:42:32.322  INFO 2828 --- [restartedMain] c.b.e.EmployeePayrollApplication         : Starting EmployeePayrollApplication using Java 15 on MAYURFCB with PID 2828 (F:\SpringCodes\EmployeePayrollApp\target\classes started by Mayurfcb in F:\SpringCodes\EmployeePayrollApp)
2020-12-15 15:42:32.323 DEBUG 2828 --- [restartedMain] c.b.e.EmployeePayrollApplication         : Running with Spring Boot v2.4.1, Spring v5.3.2
2020-12-15 15:42:32.323  INFO 2828 --- [restartedMain] c.b.e.EmployeePayrollApplication         : The following profiles are active: dev
2020-12-15 15:42:32.768  INFO 2828 --- [restartedMain] c.b.e.EmployeePayrollApplication         : Started EmployeePayrollApplication in 0.524 seconds (JVM running for 700.111)
2020-12-15 15:42:32.772  INFO 2828 --- [restartedMain] c.b.e.EmployeePayrollApplication         : Employee Payroll App started in DEV Environment
2020-12-15 15:42:32.772  INFO 2828 --- [restartedMain] c.b.e.EmployeePayrollApplication         : Employee Payroll DB user is payrolluser
2020-12-15 15:42:45.542  INFO 6812 --- [restartedMain] c.b.e.EmployeePayrollApplication         : Starting EmployeePayrollApplication using Java 15 on MAYURFCB with PID 6812 (F:\SpringCodes\EmployeePayrollApp\target\classes started by Mayurfcb in F:\SpringCodes\EmployeePayrollApp)
2020-12-15 15:42:45.547 DEBUG 6812 --- [restartedMain] c.b.e.EmployeePayrollApplication         : Running with Spring Boot v2.4.1, Spring v5.3.2
2020-12-15 15:42:45.547  INFO 6812 --- [restartedMain] c.b.e.EmployeePayrollApplication         : The following profiles are active: dev
2020-12-15 15:42:47.896  INFO 6812 --- [restartedMain] c.b.e.EmployeePayrollApplication         : Started EmployeePayrollApplication in 2.958 seconds (JVM running for 4.482)
2020-12-15 15:42:47.900  INFO 6812 --- [restartedMain] c.b.e.EmployeePayrollApplication         : Employee Payroll App started in DEV Environment
2020-12-15 15:42:47.902  INFO 6812 --- [restartedMain] c.b.e.EmployeePayrollApplication         : Employee Payroll DB user is payrolluser
2020-12-15 15:44:03.251  WARN 6812 --- [http-nio-8085-exec-2] .w.s.m.s.DefaultHandlerExceptionResolver : Resolved [org.springframework.http.converter.HttpMessageNotReadableException: JSON parse error: Cannot deserialize value of type `java.util.Date` from String "29-2-2020": not a valid representation (error: Failed to parse Date value '29-2-2020': Cannot parse date "29-2-2020": while it seems to fit format 'yyyy-MM-dd', parsing fails (leniency? null)); nested exception is com.fasterxml.jackson.databind.exc.InvalidFormatException: Cannot deserialize value of type `java.util.Date` from String "29-2-2020": not a valid representation (error: Failed to parse Date value '29-2-2020': Cannot parse date "29-2-2020": while it seems to fit format 'yyyy-MM-dd', parsing fails (leniency? null))
 at [Source: (PushbackInputStream); line: 6, column: 26] (through reference chain: com.bridgelabz.employeepayrollapp.dto.EmployeePayrollDTO["startDate"])]
2020-12-15 15:44:38.992 ERROR 6812 --- [http-nio-8085-exec-3] o.a.c.c.C.[.[.[/].[dispatcherServlet]    : Servlet.service() for servlet [dispatcherServlet] in context with path [] threw exception [Request processing failed; nested exception is javax.validation.UnexpectedTypeException: HV000030: No validator could be found for constraint 'javax.validation.constraints.NotEmpty' validating type 'java.util.Date'. Check configuration for 'startDate'] with root cause

javax.validation.UnexpectedTypeException: HV000030: No validator could be found for constraint 'javax.validation.constraints.NotEmpty' validating type 'java.util.Date'. Check configuration for 'startDate'
	at org.hibernate.validator.internal.engine.constraintvalidation.ConstraintTree.getExceptionForNullValidator(ConstraintTree.java:116) ~[hibernate-validator-6.1.6.Final.jar:6.1.6.Final]
	at org.hibernate.validator.internal.engine.constraintvalidation.ConstraintTree.getInitializedConstraintValidator(ConstraintTree.java:162) ~[hibernate-validator-6.1.6.Final.jar:6.1.6.Final]
	at org.hibernate.validator.internal.engine.constraintvalidation.SimpleConstraintTree.validateConstraints(SimpleConstraintTree.java:54) ~[hibernate-validator-6.1.6.Final.jar:6.1.6.Final]
	at org.hibernate.validator.internal.engine.constraintvalidation.ConstraintTree.validateConstraints(ConstraintTree.java:75) ~[hibernate-validator-6.1.6.Final.jar:6.1.6.Final]
	at org.hibernate.validator.internal.metadata.core.MetaConstraint.doValidateConstraint(MetaConstraint.java:130) ~[hibernate-validator-6.1.6.Final.jar:6.1.6.Final]
	at org.hibernate.validator.internal.metadata.core.MetaConstraint.validateConstraint(MetaConstraint.java:123) ~[hibernate-validator-6.1.6.Final.jar:6.1.6.Final]
	at org.hibernate.validator.internal.engine.ValidatorImpl.validateMetaConstraint(ValidatorImpl.java:555) ~[hibernate-validator-6.1.6.Final.jar:6.1.6.Final]
	at org.hibernate.validator.internal.engine.ValidatorImpl.validateConstraintsForSingleDefaultGroupElement(ValidatorImpl.java:518) ~[hibernate-validator-6.1.6.Final.jar:6.1.6.Final]
	at org.hibernate.validator.internal.engine.ValidatorImpl.validateConstraintsForDefaultGroup(ValidatorImpl.java:488) ~[hibernate-validator-6.1.6.Final.jar:6.1.6.Final]
	at org.hibernate.validator.internal.engine.ValidatorImpl.validateConstraintsForCurrentGroup(ValidatorImpl.java:450) ~[hibernate-validator-6.1.6.Final.jar:6.1.6.Final]
	at org.hibernate.validator.internal.engine.ValidatorImpl.validateInContext(ValidatorImpl.java:400) ~[hibernate-validator-6.1.6.Final.jar:6.1.6.Final]
	at org.hibernate.validator.internal.engine.ValidatorImpl.validate(ValidatorImpl.java:172) ~[hibernate-validator-6.1.6.Final.jar:6.1.6.Final]
	at org.springframework.validation.beanvalidation.SpringValidatorAdapter.validate(SpringValidatorAdapter.java:117) ~[spring-context-5.3.2.jar:5.3.2]
	at org.springframework.boot.autoconfigure.validation.ValidatorAdapter.validate(ValidatorAdapter.java:70) ~[spring-boot-autoconfigure-2.4.1.jar:2.4.1]
	at org.springframework.validation.DataBinder.validate(DataBinder.java:892) ~[spring-context-5.3.2.jar:5.3.2]
	at org.springframework.web.servlet.mvc.method.annotation.AbstractMessageConverterMethodArgumentResolver.validateIfApplicable(AbstractMessageConverterMethodArgumentResolver.java:266) ~[spring-webmvc-5.3.2.jar:5.3.2]
	at org.springframework.web.servlet.mvc.method.annotation.RequestResponseBodyMethodProcessor.resolveArgument(RequestResponseBodyMethodProcessor.java:137) ~[spring-webmvc-5.3.2.jar:5.3.2]
	at org.springframework.web.method.support.HandlerMethodArgumentResolverComposite.resolveArgument(HandlerMethodArgumentResolverComposite.java:121) ~[spring-web-5.3.2.jar:5.3.2]
	at org.springframework.web.method.support.InvocableHandlerMethod.getMethodArgumentValues(InvocableHandlerMethod.java:170) ~[spring-web-5.3.2.jar:5.3.2]
	at org.springframework.web.method.support.InvocableHandlerMethod.invokeForRequest(InvocableHandlerMethod.java:137) ~[spring-web-5.3.2.jar:5.3.2]
	at org.springframework.web.servlet.mvc.method.annotation.ServletInvocableHandlerMethod.invokeAndHandle(ServletInvocableHandlerMethod.java:106) ~[spring-webmvc-5.3.2.jar:5.3.2]
	at org.springframework.web.servlet.mvc.method.annotation.RequestMappingHandlerAdapter.invokeHandlerMethod(RequestMappingHandlerAdapter.java:894) ~[spring-webmvc-5.3.2.jar:5.3.2]
	at org.springframework.web.servlet.mvc.method.annotation.RequestMappingHandlerAdapter.handleInternal(RequestMappingHandlerAdapter.java:808) ~[spring-webmvc-5.3.2.jar:5.3.2]
	at org.springframework.web.servlet.mvc.method.AbstractHandlerMethodAdapter.handle(AbstractHandlerMethodAdapter.java:87) ~[spring-webmvc-5.3.2.jar:5.3.2]
	at org.springframework.web.servlet.DispatcherServlet.doDispatch(DispatcherServlet.java:1061) ~[spring-webmvc-5.3.2.jar:5.3.2]
	at org.springframework.web.servlet.DispatcherServlet.doService(DispatcherServlet.java:961) ~[spring-webmvc-5.3.2.jar:5.3.2]
	at org.springframework.web.servlet.FrameworkServlet.processRequest(FrameworkServlet.java:1006) ~[spring-webmvc-5.3.2.jar:5.3.2]
	at org.springframework.web.servlet.FrameworkServlet.doPost(FrameworkServlet.java:909) ~[spring-webmvc-5.3.2.jar:5.3.2]
	at javax.servlet.http.HttpServlet.service(HttpServlet.java:652) ~[tomcat-embed-core-9.0.41.jar:4.0.FR]
	at org.springframework.web.servlet.FrameworkServlet.service(FrameworkServlet.java:883) ~[spring-webmvc-5.3.2.jar:5.3.2]
	at javax.servlet.http.HttpServlet.service(HttpServlet.java:733) ~[tomcat-embed-core-9.0.41.jar:4.0.FR]
	at org.apache.catalina.core.ApplicationFilterChain.internalDoFilter(ApplicationFilterChain.java:231) ~[tomcat-embed-core-9.0.41.jar:9.0.41]
	at org.apache.catalina.core.ApplicationFilterChain.doFilter(ApplicationFilterChain.java:166) ~[tomcat-embed-core-9.0.41.jar:9.0.41]
	at org.apache.tomcat.websocket.server.WsFilter.doFilter(WsFilter.java:53) ~[tomcat-embed-websocket-9.0.41.jar:9.0.41]
	at org.apache.catalina.core.ApplicationFilterChain.internalDoFilter(ApplicationFilterChain.java:193) ~[tomcat-embed-core-9.0.41.jar:9.0.41]
	at org.apache.catalina.core.ApplicationFilterChain.doFilter(ApplicationFilterChain.java:166) ~[tomcat-embed-core-9.0.41.jar:9.0.41]
	at org.springframework.web.filter.RequestContextFilter.doFilterInternal(RequestContextFilter.java:100) ~[spring-web-5.3.2.jar:5.3.2]
	at org.springframework.web.filter.OncePerRequestFilter.doFilter(OncePerRequestFilter.java:119) ~[spring-web-5.3.2.jar:5.3.2]
	at org.apache.catalina.core.ApplicationFilterChain.internalDoFilter(ApplicationFilterChain.java:193) ~[tomcat-embed-core-9.0.41.jar:9.0.41]
	at org.apache.catalina.core.ApplicationFilterChain.doFilter(ApplicationFilterChain.java:166) ~[tomcat-embed-core-9.0.41.jar:9.0.41]
	at org.springframework.web.filter.FormContentFilter.doFilterInternal(FormContentFilter.java:93) ~[spring-web-5.3.2.jar:5.3.2]
	at org.springframework.web.filter.OncePerRequestFilter.doFilter(OncePerRequestFilter.java:119) ~[spring-web-5.3.2.jar:5.3.2]
	at org.apache.catalina.core.ApplicationFilterChain.internalDoFilter(ApplicationFilterChain.java:193) ~[tomcat-embed-core-9.0.41.jar:9.0.41]
	at org.apache.catalina.core.ApplicationFilterChain.doFilter(ApplicationFilterChain.java:166) ~[tomcat-embed-core-9.0.41.jar:9.0.41]
	at org.springframework.web.filter.CharacterEncodingFilter.doFilterInternal(CharacterEncodingFilter.java:201) ~[spring-web-5.3.2.jar:5.3.2]
	at org.springframework.web.filter.OncePerRequestFilter.doFilter(OncePerRequestFilter.java:119) ~[spring-web-5.3.2.jar:5.3.2]
	at org.apache.catalina.core.ApplicationFilterChain.internalDoFilter(ApplicationFilterChain.java:193) ~[tomcat-embed-core-9.0.41.jar:9.0.41]
	at org.apache.catalina.core.ApplicationFilterChain.doFilter(ApplicationFilterChain.java:166) ~[tomcat-embed-core-9.0.41.jar:9.0.41]
	at org.apache.catalina.core.StandardWrapperValve.invoke(StandardWrapperValve.java:202) ~[tomcat-embed-core-9.0.41.jar:9.0.41]
	at org.apache.catalina.core.StandardContextValve.invoke(StandardContextValve.java:97) ~[tomcat-embed-core-9.0.41.jar:9.0.41]
	at org.apache.catalina.authenticator.AuthenticatorBase.invoke(AuthenticatorBase.java:542) ~[tomcat-embed-core-9.0.41.jar:9.0.41]
	at org.apache.catalina.core.StandardHostValve.invoke(StandardHostValve.java:143) ~[tomcat-embed-core-9.0.41.jar:9.0.41]
	at org.apache.catalina.valves.ErrorReportValve.invoke(ErrorReportValve.java:92) ~[tomcat-embed-core-9.0.41.jar:9.0.41]
	at org.apache.catalina.core.StandardEngineValve.invoke(StandardEngineValve.java:78) ~[tomcat-embed-core-9.0.41.jar:9.0.41]
	at org.apache.catalina.connector.CoyoteAdapter.service(CoyoteAdapter.java:343) ~[tomcat-embed-core-9.0.41.jar:9.0.41]
	at org.apache.coyote.http11.Http11Processor.service(Http11Processor.java:374) ~[tomcat-embed-core-9.0.41.jar:9.0.41]
	at org.apache.coyote.AbstractProcessorLight.process(AbstractProcessorLight.java:65) ~[tomcat-embed-core-9.0.41.jar:9.0.41]
	at org.apache.coyote.AbstractProtocol$ConnectionHandler.process(AbstractProtocol.java:888) ~[tomcat-embed-core-9.0.41.jar:9.0.41]
	at org.apache.tomcat.util.net.NioEndpoint$SocketProcessor.doRun(NioEndpoint.java:1597) ~[tomcat-embed-core-9.0.41.jar:9.0.41]
	at org.apache.tomcat.util.net.SocketProcessorBase.run(SocketProcessorBase.java:49) ~[tomcat-embed-core-9.0.41.jar:9.0.41]
	at java.base/java.util.concurrent.ThreadPoolExecutor.runWorker(ThreadPoolExecutor.java:1130) ~[na:na]
	at java.base/java.util.concurrent.ThreadPoolExecutor$Worker.run(ThreadPoolExecutor.java:630) ~[na:na]
	at org.apache.tomcat.util.threads.TaskThread$WrappingRunnable.run(TaskThread.java:61) ~[tomcat-embed-core-9.0.41.jar:9.0.41]
	at java.base/java.lang.Thread.run(Thread.java:832) ~[na:na]

2020-12-15 15:45:20.215  INFO 6812 --- [restartedMain] c.b.e.EmployeePayrollApplication         : Starting EmployeePayrollApplication using Java 15 on MAYURFCB with PID 6812 (F:\SpringCodes\EmployeePayrollApp\target\classes started by Mayurfcb in F:\SpringCodes\EmployeePayrollApp)
2020-12-15 15:45:20.215 DEBUG 6812 --- [restartedMain] c.b.e.EmployeePayrollApplication         : Running with Spring Boot v2.4.1, Spring v5.3.2
2020-12-15 15:45:20.216  INFO 6812 --- [restartedMain] c.b.e.EmployeePayrollApplication         : The following profiles are active: dev
2020-12-15 15:45:20.664  INFO 6812 --- [restartedMain] c.b.e.EmployeePayrollApplication         : Started EmployeePayrollApplication in 0.516 seconds (JVM running for 157.25)
2020-12-15 15:45:20.667  INFO 6812 --- [restartedMain] c.b.e.EmployeePayrollApplication         : Employee Payroll App started in DEV Environment
2020-12-15 15:45:20.668  INFO 6812 --- [restartedMain] c.b.e.EmployeePayrollApplication         : Employee Payroll DB user is payrolluser
2020-12-15 15:46:28.289  INFO 6812 --- [restartedMain] c.b.e.EmployeePayrollApplication         : Starting EmployeePayrollApplication using Java 15 on MAYURFCB with PID 6812 (F:\SpringCodes\EmployeePayrollApp\target\classes started by Mayurfcb in F:\SpringCodes\EmployeePayrollApp)
2020-12-15 15:46:28.290 DEBUG 6812 --- [restartedMain] c.b.e.EmployeePayrollApplication         : Running with Spring Boot v2.4.1, Spring v5.3.2
2020-12-15 15:46:28.290  INFO 6812 --- [restartedMain] c.b.e.EmployeePayrollApplication         : The following profiles are active: dev
2020-12-15 15:46:28.761  INFO 6812 --- [restartedMain] c.b.e.EmployeePayrollApplication         : Started EmployeePayrollApplication in 0.525 seconds (JVM running for 225.347)
2020-12-15 15:46:28.766  INFO 6812 --- [restartedMain] c.b.e.EmployeePayrollApplication         : Employee Payroll App started in DEV Environment
2020-12-15 15:46:28.766  INFO 6812 --- [restartedMain] c.b.e.EmployeePayrollApplication         : Employee Payroll DB user is payrolluser
2020-12-15 15:46:35.264  INFO 12228 --- [restartedMain] c.b.e.EmployeePayrollApplication         : Starting EmployeePayrollApplication using Java 15 on MAYURFCB with PID 12228 (F:\SpringCodes\EmployeePayrollApp\target\classes started by Mayurfcb in F:\SpringCodes\EmployeePayrollApp)
2020-12-15 15:46:35.270 DEBUG 12228 --- [restartedMain] c.b.e.EmployeePayrollApplication         : Running with Spring Boot v2.4.1, Spring v5.3.2
2020-12-15 15:46:35.270  INFO 12228 --- [restartedMain] c.b.e.EmployeePayrollApplication         : The following profiles are active: dev
2020-12-15 15:46:37.438  INFO 12228 --- [restartedMain] c.b.e.EmployeePayrollApplication         : Started EmployeePayrollApplication in 2.712 seconds (JVM running for 3.879)
2020-12-15 15:46:37.445  INFO 12228 --- [restartedMain] c.b.e.EmployeePayrollApplication         : Employee Payroll App started in DEV Environment
2020-12-15 15:46:37.446  INFO 12228 --- [restartedMain] c.b.e.EmployeePayrollApplication         : Employee Payroll DB user is payrolluser
2020-12-15 15:49:13.493  INFO 12228 --- [restartedMain] c.b.e.EmployeePayrollApplication         : Starting EmployeePayrollApplication using Java 15 on MAYURFCB with PID 12228 (F:\SpringCodes\EmployeePayrollApp\target\classes started by Mayurfcb in F:\SpringCodes\EmployeePayrollApp)
2020-12-15 15:49:13.493 DEBUG 12228 --- [restartedMain] c.b.e.EmployeePayrollApplication         : Running with Spring Boot v2.4.1, Spring v5.3.2
2020-12-15 15:49:13.493  INFO 12228 --- [restartedMain] c.b.e.EmployeePayrollApplication         : The following profiles are active: dev
2020-12-15 15:49:13.917  INFO 12228 --- [restartedMain] c.b.e.EmployeePayrollApplication         : Started EmployeePayrollApplication in 0.469 seconds (JVM running for 160.358)
2020-12-15 15:49:13.919  INFO 12228 --- [restartedMain] c.b.e.EmployeePayrollApplication         : Employee Payroll App started in DEV Environment
2020-12-15 15:49:13.920  INFO 12228 --- [restartedMain] c.b.e.EmployeePayrollApplication         : Employee Payroll DB user is payrolluser
2020-12-15 15:53:49.234  INFO 12228 --- [restartedMain] c.b.e.EmployeePayrollApplication         : Starting EmployeePayrollApplication using Java 15 on MAYURFCB with PID 12228 (F:\SpringCodes\EmployeePayrollApp\target\classes started by Mayurfcb in F:\SpringCodes\EmployeePayrollApp)
2020-12-15 15:53:49.235 DEBUG 12228 --- [restartedMain] c.b.e.EmployeePayrollApplication         : Running with Spring Boot v2.4.1, Spring v5.3.2
2020-12-15 15:53:49.235  INFO 12228 --- [restartedMain] c.b.e.EmployeePayrollApplication         : The following profiles are active: dev
2020-12-15 15:53:49.568  INFO 12228 --- [restartedMain] c.b.e.EmployeePayrollApplication         : Started EmployeePayrollApplication in 0.369 seconds (JVM running for 436.009)
2020-12-15 15:53:49.571  INFO 12228 --- [restartedMain] c.b.e.EmployeePayrollApplication         : Employee Payroll App started in DEV Environment
2020-12-15 15:53:49.571  INFO 12228 --- [restartedMain] c.b.e.EmployeePayrollApplication         : Employee Payroll DB user is payrolluser
2020-12-15 15:54:38.949  INFO 12228 --- [restartedMain] c.b.e.EmployeePayrollApplication         : Starting EmployeePayrollApplication using Java 15 on MAYURFCB with PID 12228 (F:\SpringCodes\EmployeePayrollApp\target\classes started by Mayurfcb in F:\SpringCodes\EmployeePayrollApp)
2020-12-15 15:54:38.950 DEBUG 12228 --- [restartedMain] c.b.e.EmployeePayrollApplication         : Running with Spring Boot v2.4.1, Spring v5.3.2
2020-12-15 15:54:38.950  INFO 12228 --- [restartedMain] c.b.e.EmployeePayrollApplication         : The following profiles are active: dev
2020-12-15 15:54:39.452  INFO 12228 --- [restartedMain] c.b.e.EmployeePayrollApplication         : Started EmployeePayrollApplication in 0.546 seconds (JVM running for 485.893)
2020-12-15 15:54:39.455  INFO 12228 --- [restartedMain] c.b.e.EmployeePayrollApplication         : Employee Payroll App started in DEV Environment
2020-12-15 15:54:39.455  INFO 12228 --- [restartedMain] c.b.e.EmployeePayrollApplication         : Employee Payroll DB user is payrolluser
2020-12-15 15:55:09.490  INFO 12228 --- [restartedMain] c.b.e.EmployeePayrollApplication         : Starting EmployeePayrollApplication using Java 15 on MAYURFCB with PID 12228 (F:\SpringCodes\EmployeePayrollApp\target\classes started by Mayurfcb in F:\SpringCodes\EmployeePayrollApp)
2020-12-15 15:55:09.490 DEBUG 12228 --- [restartedMain] c.b.e.EmployeePayrollApplication         : Running with Spring Boot v2.4.1, Spring v5.3.2
2020-12-15 15:55:09.490  INFO 12228 --- [restartedMain] c.b.e.EmployeePayrollApplication         : The following profiles are active: dev
2020-12-15 15:55:09.820  INFO 12228 --- [restartedMain] c.b.e.EmployeePayrollApplication         : Started EmployeePayrollApplication in 0.371 seconds (JVM running for 516.261)
2020-12-15 15:55:09.822  INFO 12228 --- [restartedMain] c.b.e.EmployeePayrollApplication         : Employee Payroll App started in DEV Environment
2020-12-15 15:55:09.823  INFO 12228 --- [restartedMain] c.b.e.EmployeePayrollApplication         : Employee Payroll DB user is payrolluser
2020-12-15 15:56:27.836  INFO 12228 --- [restartedMain] c.b.e.EmployeePayrollApplication         : Starting EmployeePayrollApplication using Java 15 on MAYURFCB with PID 12228 (F:\SpringCodes\EmployeePayrollApp\target\classes started by Mayurfcb in F:\SpringCodes\EmployeePayrollApp)
2020-12-15 15:56:27.837 DEBUG 12228 --- [restartedMain] c.b.e.EmployeePayrollApplication         : Running with Spring Boot v2.4.1, Spring v5.3.2
2020-12-15 15:56:27.837  INFO 12228 --- [restartedMain] c.b.e.EmployeePayrollApplication         : The following profiles are active: dev
2020-12-15 15:56:28.232  INFO 12228 --- [restartedMain] c.b.e.EmployeePayrollApplication         : Started EmployeePayrollApplication in 0.449 seconds (JVM running for 594.672)
2020-12-15 15:56:28.234  INFO 12228 --- [restartedMain] c.b.e.EmployeePayrollApplication         : Employee Payroll App started in DEV Environment
2020-12-15 15:56:28.234  INFO 12228 --- [restartedMain] c.b.e.EmployeePayrollApplication         : Employee Payroll DB user is payrolluser
